proguard.cfg
# This is a configuration file for ProGuard.
# http://proguard.sourceforge.net/index.html#manual/usage.html

-dontusemixedcaseclassnames
-dontskipnonpubliclibraryclasses
-verbose

# Optimization is turned off by default. Dex does not like code run
# through the ProGuard optimize and preverify steps (and performs some
# of these optimizations on its own).
-dontoptimize
-dontpreverify
# Note that if you want to enable optimization, you cannot just
# include optimization flags in your own project configuration file;
# instead you will need to point to the
# "proguard-android-optimize.txt" file instead of this one from your
# project.properties file.

-keepattributes *Annotation*
-keep public class com.google.vending.licensing.ILicensingService
-keep public class com.android.vending.licensing.ILicensingService

# For native methods, see http://proguard.sourceforge.net/manual/examples.html#native
-keepclasseswithmembernames class * {
    native <methods>;
}

# keep setters in Views so that animations can still work.
# see http://proguard.sourceforge.net/manual/examples.html#beans
-keepclassmembers public class * extends android.view.View {
   void set*(***);
   *** get*();
}

# We want to keep methods in Activity that could be used in the XML attribute onClick
-keepclassmembers class * extends android.app.Activity {
   public void *(android.view.View);
}

# For enumeration classes, see http://proguard.sourceforge.net/manual/examples.html#enumerations
-keepclassmembers enum * {
    public static **[] values();
    public static ** valueOf(java.lang.String);
}

-keep class * implements android.os.Parcelable {
  public static final android.os.Parcelable$Creator *;
}

-keepclassmembers class **.R$* {
    public static <fields>;
}

# The support library contains references to newer platform versions.
# Don't warn about those in case this app is linking against an older
# platform version.  We know about them, and they are safe.
-dontwarn android.support.**

#ACRA specifics
# we need line numbers in our stack traces otherwise they are pretty useless
-renamesourcefileattribute SourceFile
-keepattributes SourceFile,LineNumberTable

# keep this class so that logging will show 'ACRA' and not a obfuscated name like 'a'.
# Note: if you are removing log messages elsewhere in this file then this isn't necessary
-keep class org.acra.ACRA {
	*;
}

# keep this around for some enums that ACRA needs
-keep class org.acra.ReportingInteractionMode {
    *;
}

-keepnames class org.acra.sender.HttpSender$** {
    *;
}

-keepnames class org.acra.ReportField {
    *;
}

# keep this otherwise it is removed by ProGuard
-keep public class org.acra.ErrorReporter
{
    public void addCustomData(java.lang.String,java.lang.String);
    public void putCustomData(java.lang.String,java.lang.String);
    public void removeCustomData(java.lang.String);
}

# keep this otherwise it is removed by ProGuard
-keep public class org.acra.ErrorReporter
{
    public void handleSilentException(java.lang.Throwable);
}

#actionbarsherlock
-keep class android.support.v4.app.** { *; }
-keep interface android.support.v4.app.** { *; }
-keep class com.actionbarsherlock.** { *; }
-keep interface com.actionbarsherlock.** { *; }

-keep public class cmn.Proguard$KeepMembers 
-keep public class * implements cmn.Proguard$KeepMembers
-keepclassmembers class * implements cmn.Proguard$KeepMembers { 
   <methods>; 
}
-keepattributes *Annotation*
-dontwarn android.webkit.JavascriptInterface