proguard/seeds.txt
com.actionbarsherlock.view.Menu
com.actionbarsherlock.view.Menu: int USER_MASK
com.actionbarsherlock.view.Menu: int USER_SHIFT
com.actionbarsherlock.view.Menu: int CATEGORY_MASK
com.actionbarsherlock.view.Menu: int CATEGORY_SHIFT
com.actionbarsherlock.view.Menu: int NONE
com.actionbarsherlock.view.Menu: int FIRST
com.actionbarsherlock.view.Menu: int CATEGORY_CONTAINER
com.actionbarsherlock.view.Menu: int CATEGORY_SYSTEM
com.actionbarsherlock.view.Menu: int CATEGORY_SECONDARY
com.actionbarsherlock.view.Menu: int CATEGORY_ALTERNATIVE
com.actionbarsherlock.view.Menu: int FLAG_APPEND_TO_GROUP
com.actionbarsherlock.view.Menu: int FLAG_PERFORM_NO_CLOSE
com.actionbarsherlock.view.Menu: int FLAG_ALWAYS_PERFORM_CLOSE
com.actionbarsherlock.view.Menu: com.actionbarsherlock.view.MenuItem add(java.lang.CharSequence)
com.actionbarsherlock.view.Menu: com.actionbarsherlock.view.MenuItem add(int)
com.actionbarsherlock.view.Menu: com.actionbarsherlock.view.MenuItem add(int,int,int,java.lang.CharSequence)
com.actionbarsherlock.view.Menu: com.actionbarsherlock.view.MenuItem add(int,int,int,int)
com.actionbarsherlock.view.Menu: com.actionbarsherlock.view.SubMenu addSubMenu(java.lang.CharSequence)
com.actionbarsherlock.view.Menu: com.actionbarsherlock.view.SubMenu addSubMenu(int)
com.actionbarsherlock.view.Menu: com.actionbarsherlock.view.SubMenu addSubMenu(int,int,int,java.lang.CharSequence)
com.actionbarsherlock.view.Menu: com.actionbarsherlock.view.SubMenu addSubMenu(int,int,int,int)
com.actionbarsherlock.view.MenuInflater
com.actionbarsherlock.view.MenuInflater: java.lang.String LOG_TAG
com.actionbarsherlock.view.MenuInflater: java.lang.String XML_MENU
com.actionbarsherlock.view.MenuInflater: java.lang.String XML_GROUP
com.actionbarsherlock.view.MenuInflater: java.lang.String XML_ITEM
com.actionbarsherlock.view.MenuInflater: int NO_ID
com.actionbarsherlock.view.MenuInflater: java.lang.Class[] ACTION_VIEW_CONSTRUCTOR_SIGNATURE
com.actionbarsherlock.view.MenuInflater: java.lang.Class[] ACTION_PROVIDER_CONSTRUCTOR_SIGNATURE
com.actionbarsherlock.view.MenuInflater: java.lang.Object[] mActionViewConstructorArguments
com.actionbarsherlock.view.MenuInflater: java.lang.Object[] mActionProviderConstructorArguments
com.actionbarsherlock.view.MenuInflater: android.content.Context mContext
com.actionbarsherlock.view.MenuInflater: java.lang.Object mRealOwner
com.actionbarsherlock.view.MenuInflater: void <clinit>()
com.actionbarsherlock.view.MenuInflater: MenuInflater(android.content.Context)
com.actionbarsherlock.view.MenuInflater: MenuInflater(android.content.Context,java.lang.Object)
com.actionbarsherlock.view.MenuInflater: void inflate(int,com.actionbarsherlock.view.Menu)
com.actionbarsherlock.view.MenuInflater: void parseMenu(org.xmlpull.v1.XmlPullParser,android.util.AttributeSet,com.actionbarsherlock.view.Menu)
com.actionbarsherlock.view.MenuInflater: android.content.Context access$0(com.actionbarsherlock.view.MenuInflater)
com.actionbarsherlock.view.MenuInflater$InflatedOnMenuItemClickListener
com.actionbarsherlock.view.MenuInflater$InflatedOnMenuItemClickListener: java.lang.Class[] PARAM_TYPES
com.actionbarsherlock.view.MenuInflater$InflatedOnMenuItemClickListener: java.lang.Object mRealOwner
com.actionbarsherlock.view.MenuInflater$InflatedOnMenuItemClickListener: java.lang.reflect.Method mMethod
com.actionbarsherlock.view.MenuInflater$InflatedOnMenuItemClickListener: void <clinit>()
com.actionbarsherlock.view.MenuInflater$InflatedOnMenuItemClickListener: MenuInflater$InflatedOnMenuItemClickListener(java.lang.Object,java.lang.String)
com.actionbarsherlock.view.MenuInflater$InflatedOnMenuItemClickListener: boolean onMenuItemClick(com.actionbarsherlock.view.MenuItem)