proguard/mapping.txt
com.google.ads.internal.a$3 -> com.google.ads.b.k:
com.google.ads.internal.a$4 -> com.google.ads.b.l:
com.google.ads.internal.b -> com.google.ads.b.m:
    boolean a -> a
    42:44:void a(java.lang.String) -> a
    47:47:void b(java.lang.String) -> b
    56:59:java.lang.String c(java.lang.String) -> c
com.google.ads.internal.c -> com.google.ads.b.n:
    java.lang.String b -> b
    java.lang.String c -> c
    java.lang.String d -> d
    java.lang.String e -> e
    boolean f -> f
    com.google.ads.internal.f g -> g
    com.google.ads.AdRequest h -> h
    android.webkit.WebView i -> i
    com.google.ads.l j -> j
    java.lang.String k -> k
    java.lang.String l -> l
    java.util.LinkedList m -> m
    java.lang.String n -> n
    com.google.ads.AdSize o -> o
    boolean p -> p
    boolean q -> q
    boolean r -> r
    com.google.ads.AdRequest$ErrorCode s -> s
    boolean t -> t
    int u -> u
    java.lang.Thread v -> v
    boolean w -> w
    com.google.ads.internal.c$d x -> x
    boolean a -> a
    515:516:void a(boolean) -> a
    637:638:void a(java.lang.String) -> a
    672:676:void a(com.google.ads.AdRequest) -> a
    684:978:void run() -> run
    983:1019:void b() -> a
    1030:1062:void a(java.lang.String,com.google.ads.c,com.google.ads.d) -> a
    1077:1366:java.lang.String a(java.util.Map,android.app.Activity) -> a
    1376:1379:java.lang.String d() -> c
    1390:1393:java.lang.String e() -> d
    1403:1406:java.lang.String f() -> e
    1418:1421:java.lang.String g() -> f
    1432:1435:java.lang.String h() -> g
    1451:1457:void a(com.google.ads.AdRequest$ErrorCode,boolean) -> a
    1468:1470:void b(java.lang.String,java.lang.String) -> b
    1477:1484:void i() -> h
    1490:1498:void j() -> i
    1501:1502:void b(boolean) -> b
com.google.ads.internal.c$1 -> com.google.ads.b.o:
    com.google.ads.internal.c a -> a
    851:852:void run() -> run
com.google.ads.internal.c$2 -> com.google.ads.b.p:
    com.google.ads.c a -> a
    com.google.ads.internal.c b -> b
    1004:1013:void run() -> run
com.google.ads.internal.c$3 -> com.google.ads.b.q:
    int[] a -> a
com.google.ads.internal.c$a -> com.google.ads.b.r:
    com.google.ads.internal.d a -> a
    android.webkit.WebView b -> b
    com.google.ads.internal.f c -> c
    com.google.ads.AdRequest$ErrorCode d -> d
    boolean e -> e
    117:138:void run() -> run
com.google.ads.internal.c$b -> com.google.ads.b.s:
    com.google.ads.internal.c a -> a
com.google.ads.internal.c$c -> com.google.ads.b.t:
    java.lang.String b -> b
    java.lang.String c -> c
    android.webkit.WebView d -> d
    com.google.ads.internal.c a -> a
    157:168:void run() -> run
com.google.ads.internal.c$d -> com.google.ads.b.u:
    com.google.ads.internal.c$d a -> a
    com.google.ads.internal.c$d b -> b
    com.google.ads.internal.c$d c -> c
    com.google.ads.internal.c$d d -> d
    java.lang.String e -> e
    com.google.ads.internal.c$d[] f -> f
    222:222:com.google.ads.internal.c$d[] values() -> values
    222:222:com.google.ads.internal.c$d valueOf(java.lang.String) -> valueOf
com.google.ads.internal.c$e -> com.google.ads.b.v:
    com.google.ads.internal.d b -> b
    android.webkit.WebView c -> c
    java.util.LinkedList d -> d
    int e -> e
    boolean f -> f
    java.lang.String g -> g
    com.google.ads.AdSize h -> h
    com.google.ads.internal.c a -> a
    202:215:void run() -> run